c:\users\cunde\desktop\cis 4930\cis 4930 c++ all projects\cis 4930 c++ all projects\cis 4930 c++ project 3\x64\debug\vc143.pdb
c:\users\cunde\desktop\cis 4930\cis 4930 c++ all projects\cis 4930 c++ all projects\cis 4930 c++ project 3\x64\debug\stockrecognizer_form.obj
c:\users\cunde\desktop\cis 4930\cis 4930 c++ all projects\cis 4930 c++ all projects\cis 4930 c++ project 3\x64\debug\cppclr_winformsproject.obj
c:\users\cunde\desktop\cis 4930\cis 4930 c++ all projects\cis 4930 c++ all projects\cis 4930 c++ project 3\x64\debug\assemblyinfo.obj
c:\users\cunde\desktop\cis 4930\cis 4930 c++ all projects\cis 4930 c++ all projects\cis 4930 c++ project 3\x64\debug\cis 4930 c++ project 3.pch
c:\users\cunde\desktop\cis 4930\cis 4930 c++ all projects\cis 4930 c++ all projects\cis 4930 c++ project 3\x64\debug\pch.obj
c:\users\cunde\desktop\cis 4930\cis 4930 c++ all projects\cis 4930 c++ all projects\cis 4930 c++ project 3\x64\debug\stockdisplayform.obj
c:\users\cunde\desktop\cis 4930\cis 4930 c++ all projects\cis 4930 c++ all projects\cis 4930 c++ project 3\x64\debug\smartcandlestick.obj
c:\users\cunde\desktop\cis 4930\cis 4930 c++ all projects\cis 4930 c++ all projects\cis 4930 c++ project 3\x64\debug\candlestick.obj
c:\users\cunde\desktop\cis 4930\cis 4930 c++ all projects\cis 4930 c++ all projects\cis 4930 c++ project 3\x64\debug\.netframework,version=v4.7.2.assemblyattributes.obj
c:\users\cunde\desktop\cis 4930\cis 4930 c++ all projects\cis 4930 c++ all projects\cis 4930 c++ project 3\x64\debug\recognizer_bullish.obj
c:\users\cunde\desktop\cis 4930\cis 4930 c++ all projects\cis 4930 c++ all projects\cis 4930 c++ project 3\x64\debug\recognizer.obj
c:\users\cunde\desktop\cis 4930\cis 4930 c++ all projects\cis 4930 c++ all projects\cis 4930 c++ project 3\x64\debug\recognizer_neutral.obj
c:\users\cunde\desktop\cis 4930\cis 4930 c++ all projects\cis 4930 c++ all projects\cis 4930 c++ project 3\x64\debug\recognizer_marubozu.obj
c:\users\cunde\desktop\cis 4930\cis 4930 c++ all projects\cis 4930 c++ all projects\cis 4930 c++ project 3\x64\debug\recognizer_bearish.obj
c:\users\cunde\desktop\cis 4930\cis 4930 c++ all projects\cis 4930 c++ all projects\cis 4930 c++ project 3\x64\debug\recognizer_valley.obj
c:\users\cunde\desktop\cis 4930\cis 4930 c++ all projects\cis 4930 c++ all projects\cis 4930 c++ project 3\x64\debug\recognizer_peak.obj
c:\users\cunde\desktop\cis 4930\cis 4930 c++ all projects\cis 4930 c++ all projects\cis 4930 c++ project 3\x64\debug\recognizer_invertedhammer.obj
c:\users\cunde\desktop\cis 4930\cis 4930 c++ all projects\cis 4930 c++ all projects\cis 4930 c++ project 3\x64\debug\recognizer_hammer.obj
c:\users\cunde\desktop\cis 4930\cis 4930 c++ all projects\cis 4930 c++ all projects\cis 4930 c++ project 3\x64\debug\recognizer_gravestonedoji.obj
c:\users\cunde\desktop\cis 4930\cis 4930 c++ all projects\cis 4930 c++ all projects\cis 4930 c++ project 3\x64\debug\recognizer_dragonflydoji.obj
c:\users\cunde\desktop\cis 4930\cis 4930 c++ all projects\cis 4930 c++ all projects\cis 4930 c++ project 3\x64\debug\recognizer_doji.obj
c:\users\cunde\desktop\cis 4930\cis 4930 c++ all projects\cis 4930 c++ all projects\cis 4930 c++ project 3\x64\debug\recognizer_bullishharami.obj
c:\users\cunde\desktop\cis 4930\cis 4930 c++ all projects\cis 4930 c++ all projects\cis 4930 c++ project 3\x64\debug\recognizer_bullishengulfing.obj
c:\users\cunde\desktop\cis 4930\cis 4930 c++ all projects\cis 4930 c++ all projects\cis 4930 c++ project 3\x64\debug\recognizer_bearishharami.obj
c:\users\cunde\desktop\cis 4930\cis 4930 c++ all projects\cis 4930 c++ all projects\cis 4930 c++ project 3\x64\debug\recognizer_bearishengulfing.obj
c:\users\cunde\desktop\cis 4930\cis 4930 c++ all projects\cis 4930 c++ all projects\cis 4930 c++ project 1\x64\debug\cis 4930 c++ project 3.exe
c:\users\cunde\desktop\cis 4930\cis 4930 c++ all projects\cis 4930 c++ all projects\cis 4930 c++ project 1\x64\debug\cis 4930 c++ project 3.pdb
c:\users\cunde\desktop\cis 4930\cis 4930 c++ all projects\cis 4930 c++ all projects\cis 4930 c++ project 3\x64\debug\app.res
c:\users\cunde\desktop\cis 4930\cis 4930 c++ all projects\cis 4930 c++ all projects\cis 4930 c++ project 3\x64\debug\cis 4930.3690f249.tlog\cl.command.1.tlog
c:\users\cunde\desktop\cis 4930\cis 4930 c++ all projects\cis 4930 c++ all projects\cis 4930 c++ project 3\x64\debug\cis 4930.3690f249.tlog\cl.items.tlog
c:\users\cunde\desktop\cis 4930\cis 4930 c++ all projects\cis 4930 c++ all projects\cis 4930 c++ project 3\x64\debug\cis 4930.3690f249.tlog\cl.read.1.tlog
c:\users\cunde\desktop\cis 4930\cis 4930 c++ all projects\cis 4930 c++ all projects\cis 4930 c++ project 3\x64\debug\cis 4930.3690f249.tlog\cl.write.1.tlog
c:\users\cunde\desktop\cis 4930\cis 4930 c++ all projects\cis 4930 c++ all projects\cis 4930 c++ project 3\x64\debug\cis 4930.3690f249.tlog\link.command.1.tlog
c:\users\cunde\desktop\cis 4930\cis 4930 c++ all projects\cis 4930 c++ all projects\cis 4930 c++ project 3\x64\debug\cis 4930.3690f249.tlog\link.read.1.tlog
c:\users\cunde\desktop\cis 4930\cis 4930 c++ all projects\cis 4930 c++ all projects\cis 4930 c++ project 3\x64\debug\cis 4930.3690f249.tlog\link.write.1.tlog
c:\users\cunde\desktop\cis 4930\cis 4930 c++ all projects\cis 4930 c++ all projects\cis 4930 c++ project 3\x64\debug\cis 4930.3690f249.tlog\metagen.read.1.tlog
c:\users\cunde\desktop\cis 4930\cis 4930 c++ all projects\cis 4930 c++ all projects\cis 4930 c++ project 3\x64\debug\cis 4930.3690f249.tlog\metagen.write.1.tlog
c:\users\cunde\desktop\cis 4930\cis 4930 c++ all projects\cis 4930 c++ all projects\cis 4930 c++ project 3\x64\debug\cis 4930.3690f249.tlog\rc.command.1.tlog
c:\users\cunde\desktop\cis 4930\cis 4930 c++ all projects\cis 4930 c++ all projects\cis 4930 c++ project 3\x64\debug\cis 4930.3690f249.tlog\rc.read.1.tlog
c:\users\cunde\desktop\cis 4930\cis 4930 c++ all projects\cis 4930 c++ all projects\cis 4930 c++ project 3\x64\debug\cis 4930.3690f249.tlog\rc.write.1.tlog
c:\users\cunde\desktop\cis 4930\cis 4930 c++ all projects\cis 4930 c++ all projects\cis 4930 c++ project 3\x64\debug\cis 4930.3690f249.tlog\resgen.command.1.tlog
c:\users\cunde\desktop\cis 4930\cis 4930 c++ all projects\cis 4930 c++ all projects\cis 4930 c++ project 3\x64\debug\cis 4930.3690f249.tlog\resgen.read.1.tlog
c:\users\cunde\desktop\cis 4930\cis 4930 c++ all projects\cis 4930 c++ all projects\cis 4930 c++ project 3\x64\debug\cis 4930.3690f249.tlog\resgen.write.1.tlog
