c:\users\cunde\desktop\cis 4930\cis 4930 c++ project 1\x64\debug\vc143.pdb
c:\users\cunde\desktop\cis 4930\cis 4930 c++ project 1\x64\debug\cppclr_winformsproject.obj
c:\users\cunde\desktop\cis 4930\cis 4930 c++ project 1\x64\debug\assemblyinfo.obj
c:\users\cunde\desktop\cis 4930\cis 4930 c++ project 1\x64\debug\candlestick.obj
c:\users\cunde\desktop\cis 4930\cis 4930 c++ project 1\x64\debug\cis 4930 c++ project 1.pch
c:\users\cunde\desktop\cis 4930\cis 4930 c++ project 1\x64\debug\pch.obj
c:\users\cunde\desktop\cis 4930\cis 4930 c++ project 1\x64\debug\.netframework,version=v4.7.2.assemblyattributes.obj
c:\users\cunde\desktop\cis 4930\cis 4930 c++ project 1\x64\debug\stockpicker_form.obj
c:\users\cunde\desktop\cis 4930\cis 4930 c++ project 1\x64\debug\cis 4930 c++ project 1.exe
c:\users\cunde\desktop\cis 4930\cis 4930 c++ project 1\x64\debug\cis 4930 c++ project 1.pdb
c:\users\cunde\desktop\cis 4930\cis 4930 c++ project 1\x64\debug\app.res
c:\users\cunde\desktop\cis 4930\cis 4930 c++ project 1\x64\debug\stockpickerform.obj
c:\users\cunde\desktop\cis 4930\cis 4930 c++ project 1\x64\debug\cis 4930 c++ project 1.exe.metagen
c:\users\cunde\desktop\cis 4930\cis 4930 c++ project 1\x64\debug\cis 4930.5958f3c6.tlog\cl.command.1.tlog
c:\users\cunde\desktop\cis 4930\cis 4930 c++ project 1\x64\debug\cis 4930.5958f3c6.tlog\cl.items.tlog
c:\users\cunde\desktop\cis 4930\cis 4930 c++ project 1\x64\debug\cis 4930.5958f3c6.tlog\cl.read.1.tlog
c:\users\cunde\desktop\cis 4930\cis 4930 c++ project 1\x64\debug\cis 4930.5958f3c6.tlog\cl.write.1.tlog
c:\users\cunde\desktop\cis 4930\cis 4930 c++ project 1\x64\debug\cis 4930.5958f3c6.tlog\link.command.1.tlog
c:\users\cunde\desktop\cis 4930\cis 4930 c++ project 1\x64\debug\cis 4930.5958f3c6.tlog\link.read.1.tlog
c:\users\cunde\desktop\cis 4930\cis 4930 c++ project 1\x64\debug\cis 4930.5958f3c6.tlog\link.write.1.tlog
c:\users\cunde\desktop\cis 4930\cis 4930 c++ project 1\x64\debug\cis 4930.5958f3c6.tlog\metagen.read.1.tlog
c:\users\cunde\desktop\cis 4930\cis 4930 c++ project 1\x64\debug\cis 4930.5958f3c6.tlog\metagen.write.1.tlog
c:\users\cunde\desktop\cis 4930\cis 4930 c++ project 1\x64\debug\cis 4930.5958f3c6.tlog\rc.command.1.tlog
c:\users\cunde\desktop\cis 4930\cis 4930 c++ project 1\x64\debug\cis 4930.5958f3c6.tlog\rc.read.1.tlog
c:\users\cunde\desktop\cis 4930\cis 4930 c++ project 1\x64\debug\cis 4930.5958f3c6.tlog\rc.write.1.tlog
c:\users\cunde\desktop\cis 4930\cis 4930 c++ project 1\x64\debug\cis 4930.5958f3c6.tlog\resgen.command.1.tlog
c:\users\cunde\desktop\cis 4930\cis 4930 c++ project 1\x64\debug\cis 4930.5958f3c6.tlog\resgen.read.1.tlog
c:\users\cunde\desktop\cis 4930\cis 4930 c++ project 1\x64\debug\cis 4930.5958f3c6.tlog\resgen.write.1.tlog
